<?xml version="1.0" encoding="UTF-8"?>
<testng-results ignored="0" total="1" passed="1" failed="0" skipped="0">
  <reporter-output>
  </reporter-output>
  <suite started-at="2022-12-30T10:06:24 TRT" name="Command line suite" finished-at="2022-12-30T10:06:32 TRT" duration-ms="8258">
    <groups>
      <group name="cucumber">
        <method signature="AbstractTestNGCucumberTests.runScenario(io.cucumber.testng.PickleWrapper,io.cucumber.testng.FeatureWrapper)[pri:0, instance:com.epam.maf.runner.TestRunner@2b4a2ec7]" name="runScenario" class="io.cucumber.testng.AbstractTestNGCucumberTests"/>
      </group> <!-- cucumber -->
    </groups>
    <test started-at="2022-12-30T10:06:24 TRT" name="Command line test" finished-at="2022-12-30T10:06:32 TRT" duration-ms="8258">
      <class name="com.epam.maf.runner.TestRunner">
        <test-method is-config="true" signature="setUpClass(org.testng.ITestContext)[pri:0, instance:com.epam.maf.runner.TestRunner@2b4a2ec7]" started-at="2022-12-30T10:06:24 TRT" name="setUpClass" finished-at="2022-12-30T10:06:24 TRT" duration-ms="246" status="PASS">
          <params>
            <param index="0">
              <value>
                <![CDATA[org.testng.TestRunner@70997a94]]>
              </value>
            </param>
          </params>
          <reporter-output>
          </reporter-output>
        </test-method> <!-- setUpClass -->
        <test-method is-config="true" signature="Setup()[pri:0, instance:com.epam.maf.runner.TestRunner@2b4a2ec7]" started-at="2022-12-30T10:06:24 TRT" name="Setup" finished-at="2022-12-30T10:06:29 TRT" duration-ms="4040" status="PASS">
          <reporter-output>
          </reporter-output>
        </test-method> <!-- Setup -->
        <test-method signature="runScenario(io.cucumber.testng.PickleWrapper,io.cucumber.testng.FeatureWrapper)[pri:0, instance:com.epam.maf.runner.TestRunner@2b4a2ec7]" started-at="2022-12-30T10:06:29 TRT" name="runScenario" description="Runs Cucumber Scenarios" data-provider="scenarios" finished-at="2022-12-30T10:06:31 TRT" duration-ms="2678" status="PASS">
          <params>
            <param index="0">
              <value>
                <![CDATA["Verify HomePage"]]>
              </value>
            </param>
            <param index="1">
              <value>
                <![CDATA["Crateandbarrel System Smoke Test"]]>
              </value>
            </param>
          </params>
          <reporter-output>
          </reporter-output>
        </test-method> <!-- runScenario -->
        <test-method is-config="true" signature="tearDown()[pri:0, instance:com.epam.maf.runner.TestRunner@2b4a2ec7]" started-at="2022-12-30T10:06:31 TRT" name="tearDown" finished-at="2022-12-30T10:06:31 TRT" duration-ms="120" status="PASS">
          <reporter-output>
          </reporter-output>
        </test-method> <!-- tearDown -->
        <test-method is-config="true" signature="tearDownClass()[pri:0, instance:com.epam.maf.runner.TestRunner@2b4a2ec7]" started-at="2022-12-30T10:06:31 TRT" name="tearDownClass" finished-at="2022-12-30T10:06:32 TRT" duration-ms="1159" status="PASS">
          <reporter-output>
          </reporter-output>
        </test-method> <!-- tearDownClass -->
      </class> <!-- com.epam.maf.runner.TestRunner -->
    </test> <!-- Command line test -->
  </suite> <!-- Command line suite -->
</testng-results>
